[debug] [2019-12-23T08:22:30.871Z] ----------------------------------------------------------------------
[debug] [2019-12-23T08:22:30.874Z] Command:       C:\Program Files\nodejs\node.exe C:\Users\Ahmed_Abdulaziz\AppData\Roaming\npm\node_modules\firebase-tools\lib\bin\firebase.js init
[debug] [2019-12-23T08:22:30.874Z] CLI Version:   7.11.0
[debug] [2019-12-23T08:22:30.874Z] Platform:      win32
[debug] [2019-12-23T08:22:30.874Z] Node Version:  v12.13.1
[debug] [2019-12-23T08:22:30.875Z] Time:          Mon Dec 23 2019 10:22:30 GMT+0200 (Eastern European Standard Time)
[debug] [2019-12-23T08:22:30.875Z] ----------------------------------------------------------------------
[debug] [2019-12-23T08:22:30.875Z] 
[debug] [2019-12-23T08:22:30.883Z] > command requires scopes: ["email","openid","https://www.googleapis.com/auth/cloudplatformprojects.readonly","https://www.googleapis.com/auth/firebase","https://www.googleapis.com/auth/cloud-platform"]
[debug] [2019-12-23T08:22:30.884Z] > authorizing via signed-in user
[info] 
     ######## #### ########  ######## ########     ###     ######  ########
     ##        ##  ##     ## ##       ##     ##  ##   ##  ##       ##
     ######    ##  ########  ######   ########  #########  ######  ######
     ##        ##  ##    ##  ##       ##     ## ##     ##       ## ##
     ##       #### ##     ## ######## ########  ##     ##  ######  ########

You're about to initialize a Firebase project in this directory:

  C:\Workspace\testangular

Before we get started, keep in mind:

  * You are currently outside your home directory

[info] 
=== Project Setup
[info] 
[info] First, let's associate this project directory with a Firebase project.
[info] You can create multiple project aliases by running firebase use --add, 
[info] but for now we'll just set up a default project.
[info] 
[debug] [2019-12-23T08:23:32.928Z] > refreshing access token with scopes: ["email","https://www.googleapis.com/auth/cloud-platform","https://www.googleapis.com/auth/cloudplatformprojects.readonly","https://www.googleapis.com/auth/firebase","openid"]
[debug] [2019-12-23T08:23:32.929Z] >>> HTTP REQUEST POST https://www.googleapis.com/oauth2/v3/token  
 <request body omitted>
[debug] [2019-12-23T08:23:33.597Z] <<< HTTP RESPONSE 200
[debug] [2019-12-23T08:23:33.614Z] >>> HTTP REQUEST GET https://firebase.googleapis.com/v1beta1/projects?pageSize=100  
 
[debug] [2019-12-23T08:23:39.421Z] <<< HTTP RESPONSE 200
[info] i  Using project ng-course-recipe-book-bc050 (ng-course-recipe-book)
[info] 
=== Hosting Setup
[info] 
[info] Your public directory is the folder (relative to your project directory) that
[info] will contain Hosting assets to be uploaded with firebase deploy. If you
[info] have a build process for your assets, use your build's output directory.
[info] 
[debug] [2019-12-23T08:25:10.074Z] >>> HTTP REQUEST GET https://www.gstatic.com/firebasejs/releases.json  
 
[debug] [2019-12-23T08:25:10.083Z] Error: getaddrinfo ENOTFOUND www.gstatic.com
    at GetAddrInfoReqWrap.onlookup [as oncomplete] (dns.js:60:26)
[error] 
[error] Error: Server Error. getaddrinfo ENOTFOUND www.gstatic.com
